TN:
SF:/Users/jianfei/projects/uxcore-pickable/src/index.js
FN:11,_interopRequireDefault
FNF:1
FNH:1
FNDA:1,_interopRequireDefault
DA:3,1
DA:7,1
DA:9,1
DA:11,1
DA:13,1
DA:21,1
LF:6
LH:6
BRDA:11,1,0,0
BRDA:11,1,1,1
BRDA:11,2,0,1
BRDA:11,2,1,1
BRF:4
BRH:3
end_of_record
TN:
SF:/Users/jianfei/projects/uxcore-pickable/src/Pickable.jsx
FN:35,_interopRequireDefault
FN:37,_defaults
FN:39,_defineProperty
FN:41,_classCallCheck
FN:43,_possibleConstructorReturn
FN:45,_inherits
FN:53,(anonymous_7)
FN:56,Pickable
FN:69,componentDidMount
FN:76,componentDidUpdate
FN:82,adjustToggleMore
FN:102,handleItemClick
FN:119,handleToggleClick
FN:125,renderChildren
FN:139,(anonymous_15)
FN:161,ref
FN:169,renderToggleMore
FN:183,onClick
FN:192,render
FN:206,ref
FN:226,onChange
FNF:21
FNH:18
FNDA:7,_interopRequireDefault
FNDA:1,_defaults
FNDA:29,_defineProperty
FNDA:3,_classCallCheck
FNDA:3,_possibleConstructorReturn
FNDA:1,_inherits
FNDA:1,(anonymous_7)
FNDA:3,Pickable
FNDA:3,componentDidMount
FNDA:4,componentDidUpdate
FNDA:3,adjustToggleMore
FNDA:3,handleItemClick
FNDA:0,handleToggleClick
FNDA:7,renderChildren
FNDA:30,(anonymous_15)
FNDA:12,ref
FNDA:7,renderToggleMore
FNDA:0,onClick
FNDA:7,render
FNDA:12,ref
FNDA:0,onChange
DA:3,1
DA:7,1
DA:9,1
DA:11,1
DA:13,1
DA:15,1
DA:17,1
DA:19,1
DA:21,1
DA:23,1
DA:25,1
DA:27,1
DA:29,1
DA:31,1
DA:33,1
DA:35,7
DA:37,5
DA:39,29
DA:41,3
DA:43,3
DA:45,1
DA:53,1
DA:54,1
DA:56,1
DA:57,3
DA:59,3
DA:61,3
DA:65,3
DA:66,3
DA:69,1
DA:70,3
DA:71,1
DA:72,1
DA:76,1
DA:77,4
DA:78,1
DA:82,1
DA:83,3
DA:84,0
DA:86,3
DA:87,2
DA:89,1
DA:90,1
DA:91,1
DA:92,1
DA:96,0
DA:102,1
DA:103,3
DA:104,3
DA:105,3
DA:106,3
DA:107,1
DA:108,1
DA:110,2
DA:111,0
DA:112,0
DA:114,2
DA:115,2
DA:119,1
DA:120,0
DA:125,1
DA:126,7
DA:128,7
DA:129,7
DA:130,7
DA:139,7
DA:140,30
DA:149,7
DA:150,7
DA:151,1
DA:153,7
DA:162,12
DA:169,1
DA:170,7
DA:172,7
DA:173,6
DA:175,1
DA:179,1
DA:184,0
DA:192,1
DA:193,7
DA:196,7
DA:197,7
DA:202,7
DA:207,12
DA:215,1
DA:218,1
DA:231,1
DA:245,1
DA:247,1
DA:249,1
DA:250,1
LF:92
LH:86
BRDA:35,1,0,0
BRDA:35,1,1,7
BRDA:35,2,0,7
BRDA:35,2,1,7
BRDA:37,3,0,0
BRDA:37,3,1,5
BRDA:37,4,0,5
BRDA:37,4,1,5
BRDA:37,4,2,0
BRDA:39,5,0,0
BRDA:39,5,1,29
BRDA:41,6,0,0
BRDA:41,6,1,3
BRDA:43,7,0,0
BRDA:43,7,1,3
BRDA:43,8,0,0
BRDA:43,8,1,3
BRDA:43,9,0,3
BRDA:43,9,1,0
BRDA:43,9,2,0
BRDA:45,10,0,0
BRDA:45,10,1,1
BRDA:45,11,0,1
BRDA:45,11,1,0
BRDA:45,12,0,1
BRDA:45,12,1,1
BRDA:45,13,0,1
BRDA:45,13,1,0
BRDA:45,14,0,0
BRDA:45,14,1,1
BRDA:70,15,0,1
BRDA:70,15,1,2
BRDA:77,16,0,1
BRDA:77,16,1,3
BRDA:83,17,0,0
BRDA:83,17,1,3
BRDA:86,18,0,2
BRDA:86,18,1,1
BRDA:86,19,0,3
BRDA:86,19,1,2
BRDA:91,20,0,1
BRDA:91,20,1,0
BRDA:91,21,0,1
BRDA:91,21,1,1
BRDA:106,22,0,1
BRDA:106,22,1,2
BRDA:110,23,0,0
BRDA:110,23,1,2
BRDA:150,24,0,1
BRDA:150,24,1,6
BRDA:150,25,0,7
BRDA:150,25,1,1
BRDA:156,26,0,7
BRDA:156,26,1,1
BRDA:172,27,0,6
BRDA:172,27,1,1
BRDA:187,28,0,0
BRDA:187,28,1,1
BRF:58
BRH:41
end_of_record
TN:
SF:/Users/jianfei/projects/uxcore-pickable/src/PickItem.jsx
FN:19,_interopRequireDefault
FN:21,_defaults
FN:23,_defineProperty
FN:25,_classCallCheck
FN:27,_possibleConstructorReturn
FN:29,_inherits
FN:31,(anonymous_7)
FN:34,PickItem
FN:40,handleClick
FN:46,renderTips
FN:65,render
FNF:11
FNH:11
FNDA:3,_interopRequireDefault
FNDA:1,_defaults
FNDA:210,_defineProperty
FNDA:14,_classCallCheck
FNDA:14,_possibleConstructorReturn
FNDA:1,_inherits
FNDA:1,(anonymous_7)
FNDA:14,PickItem
FNDA:3,handleClick
FNDA:30,renderTips
FNDA:30,render
DA:3,1
DA:7,1
DA:9,1
DA:11,1
DA:13,1
DA:15,1
DA:17,1
DA:19,3
DA:21,5
DA:23,210
DA:25,14
DA:27,14
DA:29,1
DA:31,1
DA:32,1
DA:34,1
DA:35,14
DA:37,14
DA:40,1
DA:41,3
DA:42,3
DA:46,1
DA:47,30
DA:48,30
DA:53,30
DA:54,0
DA:59,30
DA:60,0
DA:62,30
DA:65,1
DA:66,30
DA:68,30
DA:69,30
DA:78,30
DA:88,1
DA:91,1
DA:95,1
DA:107,1
DA:109,1
DA:110,1
LF:40
LH:38
BRDA:19,1,0,0
BRDA:19,1,1,3
BRDA:19,2,0,3
BRDA:19,2,1,3
BRDA:21,3,0,0
BRDA:21,3,1,5
BRDA:21,4,0,5
BRDA:21,4,1,5
BRDA:21,4,2,0
BRDA:23,5,0,0
BRDA:23,5,1,210
BRDA:25,6,0,0
BRDA:25,6,1,14
BRDA:27,7,0,0
BRDA:27,7,1,14
BRDA:27,8,0,0
BRDA:27,8,1,14
BRDA:27,9,0,14
BRDA:27,9,1,0
BRDA:27,9,2,0
BRDA:29,10,0,0
BRDA:29,10,1,1
BRDA:29,11,0,1
BRDA:29,11,1,0
BRDA:29,12,0,1
BRDA:29,12,1,1
BRDA:29,13,0,1
BRDA:29,13,1,0
BRDA:29,14,0,0
BRDA:29,14,1,1
BRDA:41,15,0,3
BRDA:41,15,1,0
BRDA:53,16,0,0
BRDA:53,16,1,30
BRDA:53,17,0,30
BRDA:53,17,1,0
BRDA:59,18,0,0
BRDA:59,18,1,30
BRDA:59,19,0,30
BRDA:59,19,1,30
BRDA:81,20,0,30
BRDA:81,20,1,5
BRF:42
BRH:25
end_of_record
TN:
SF:/Users/jianfei/projects/uxcore-pickable/src/locale.js
FNF:0
FNH:0
DA:3,1
DA:6,1
DA:16,1
LF:3
LH:3
BRF:0
BRH:0
end_of_record
